

============================== 2023-01-11 23:34:22.734302 | 2459a861-6b96-432c-ae6c-d24fcf6fc3c2 ==============================
[0m23:34:22.734315 [info ] [MainThread]: Running with dbt=1.3.2
[0m23:34:22.734698 [debug] [MainThread]: running dbt with arguments {'write_json': True, 'use_colors': True, 'printer_width': 80, 'version_check': True, 'partial_parse': True, 'static_parser': True, 'profiles_dir': '/root/.dbt', 'send_anonymous_usage_stats': True, 'event_buffer_size': 100000, 'quiet': False, 'no_print': False, 'cache_selected_only': False, 'project_name': 'analytics_dbt', 'skip_profile_setup': False, 'which': 'init', 'indirect_selection': 'eager'}
[0m23:34:22.734844 [debug] [MainThread]: Tracking: tracking
[0m23:34:22.745476 [debug] [MainThread]: Sending event: {'category': 'dbt', 'action': 'invocation', 'label': 'start', 'context': [<snowplow_tracker.self_describing_json.SelfDescribingJson object at 0x7f80a23441c0>, <snowplow_tracker.self_describing_json.SelfDescribingJson object at 0x7f80a2344280>, <snowplow_tracker.self_describing_json.SelfDescribingJson object at 0x7f80a23442b0>]}
[0m23:34:22.745906 [info ] [MainThread]: Creating dbt configuration folder at /root/.dbt
[0m23:34:22.746886 [debug] [MainThread]: Starter project path: /usr/local/lib/python3.8/dist-packages/dbt/include/starter_project
[0m23:37:06.781218 [info ] [MainThread]: Profile analytics_dbt written to /root/.dbt/profiles.yml using target's profile_template.yml and your supplied values. Run 'dbt debug' to validate the connection.
[0m23:37:06.781746 [info ] [MainThread]: 
Your new dbt project "analytics_dbt" was created!

For more information on how to configure the profiles.yml file,
please consult the dbt documentation here:

  https://docs.getdbt.com/docs/configure-your-profile

One more thing:

Need help? Don't hesitate to reach out to us via GitHub issues or on Slack:

  https://community.getdbt.com/

Happy modeling!

[0m23:37:06.782213 [debug] [MainThread]: Sending event: {'category': 'dbt', 'action': 'invocation', 'label': 'end', 'context': [<snowplow_tracker.self_describing_json.SelfDescribingJson object at 0x7f80a23444f0>, <snowplow_tracker.self_describing_json.SelfDescribingJson object at 0x7f80a23444c0>, <snowplow_tracker.self_describing_json.SelfDescribingJson object at 0x7f80a2344400>]}
[0m23:37:06.782566 [debug] [MainThread]: Flushing usage events


============================== 2023-01-11 23:38:41.956904 | 94289233-808f-4ec8-8b32-955fe5a29e08 ==============================
[0m23:38:41.956918 [info ] [MainThread]: Running with dbt=1.3.2
[0m23:38:41.957239 [debug] [MainThread]: running dbt with arguments {'write_json': True, 'use_colors': True, 'printer_width': 80, 'version_check': True, 'partial_parse': True, 'static_parser': True, 'profiles_dir': '/root/.dbt', 'send_anonymous_usage_stats': True, 'event_buffer_size': 100000, 'quiet': False, 'no_print': False, 'cache_selected_only': False, 'config_dir': False, 'which': 'debug', 'indirect_selection': 'eager'}
[0m23:38:41.957353 [debug] [MainThread]: Tracking: tracking
[0m23:38:41.967610 [debug] [MainThread]: Sending event: {'category': 'dbt', 'action': 'invocation', 'label': 'start', 'context': [<snowplow_tracker.self_describing_json.SelfDescribingJson object at 0x7fac52d78c10>, <snowplow_tracker.self_describing_json.SelfDescribingJson object at 0x7fac52d5adf0>, <snowplow_tracker.self_describing_json.SelfDescribingJson object at 0x7fac52d5a850>]}
[0m23:38:42.077191 [debug] [MainThread]: Executing "git --help"
[0m23:38:42.087966 [debug] [MainThread]: STDOUT: "b"usage: git [--version] [--help] [-C <path>] [-c <name>=<value>]\n           [--exec-path[=<path>]] [--html-path] [--man-path] [--info-path]\n           [-p | --paginate | -P | --no-pager] [--no-replace-objects] [--bare]\n           [--git-dir=<path>] [--work-tree=<path>] [--namespace=<name>]\n           <command> [<args>]\n\nThese are common Git commands used in various situations:\n\nstart a working area (see also: git help tutorial)\n   clone             Clone a repository into a new directory\n   init              Create an empty Git repository or reinitialize an existing one\n\nwork on the current change (see also: git help everyday)\n   add               Add file contents to the index\n   mv                Move or rename a file, a directory, or a symlink\n   restore           Restore working tree files\n   rm                Remove files from the working tree and from the index\n   sparse-checkout   Initialize and modify the sparse-checkout\n\nexamine the history and state (see also: git help revisions)\n   bisect            Use binary search to find the commit that introduced a bug\n   diff              Show changes between commits, commit and working tree, etc\n   grep              Print lines matching a pattern\n   log               Show commit logs\n   show              Show various types of objects\n   status            Show the working tree status\n\ngrow, mark and tweak your common history\n   branch            List, create, or delete branches\n   commit            Record changes to the repository\n   merge             Join two or more development histories together\n   rebase            Reapply commits on top of another base tip\n   reset             Reset current HEAD to the specified state\n   switch            Switch branches\n   tag               Create, list, delete or verify a tag object signed with GPG\n\ncollaborate (see also: git help workflows)\n   fetch             Download objects and refs from another repository\n   pull              Fetch from and integrate with another repository or a local branch\n   push              Update remote refs along with associated objects\n\n'git help -a' and 'git help -g' list available subcommands and some\nconcept guides. See 'git help <command>' or 'git help <concept>'\nto read about a specific subcommand or concept.\nSee 'git help git' for an overview of the system.\n""
[0m23:38:42.088406 [debug] [MainThread]: STDERR: "b''"
[0m23:38:42.089725 [debug] [MainThread]: Acquiring new redshift connection "debug"
[0m23:38:42.089896 [debug] [MainThread]: Using redshift connection "debug"
[0m23:38:42.090012 [debug] [MainThread]: On debug: select 1 as id
[0m23:38:42.090118 [debug] [MainThread]: Opening a new connection, currently in state init
[0m23:38:42.090255 [debug] [MainThread]: Redshift adapter: Connecting to Redshift using 'database' credentials
[0m23:38:42.713139 [debug] [MainThread]: SQL status: SELECT in 0.62 seconds
[0m23:38:42.714536 [debug] [MainThread]: On debug: Close
[0m23:38:42.715213 [debug] [MainThread]: Sending event: {'category': 'dbt', 'action': 'invocation', 'label': 'end', 'context': [<snowplow_tracker.self_describing_json.SelfDescribingJson object at 0x7fac51114f10>, <snowplow_tracker.self_describing_json.SelfDescribingJson object at 0x7fac51114c40>, <snowplow_tracker.self_describing_json.SelfDescribingJson object at 0x7fac511142b0>]}
[0m23:38:42.715589 [debug] [MainThread]: Flushing usage events
[0m23:38:43.031177 [debug] [MainThread]: Connection 'debug' was properly closed.
